2023-02-16 20:22:51.895  INFO 372083 --- [restartedMain] com.jwt.JwtApplication                   : Starting JwtApplication using Java 17.0.5 on TTS-022 with PID 372083 (/home/tts_466-prasanna/Prasanna/Boot Projects/JWT/target/classes started by tts_466-prasanna in /home/tts_466-prasanna/Prasanna/Boot Projects/JWT)
2023-02-16 20:22:51.900  INFO 372083 --- [restartedMain] com.jwt.JwtApplication                   : No active profile set, falling back to default profiles: default
2023-02-16 20:22:51.950  INFO 372083 --- [restartedMain] .e.DevToolsPropertyDefaultsPostProcessor : Devtools property defaults active! Set 'spring.devtools.add-properties' to 'false' to disable
2023-02-16 20:22:51.951  INFO 372083 --- [restartedMain] .e.DevToolsPropertyDefaultsPostProcessor : For additional web related logging consider setting the 'logging.level.web' property to 'DEBUG'
2023-02-16 20:22:52.376  INFO 372083 --- [restartedMain] .s.d.r.c.RepositoryConfigurationDelegate : Bootstrapping Spring Data JPA repositories in DEFAULT mode.
2023-02-16 20:22:52.419  INFO 372083 --- [restartedMain] .s.d.r.c.RepositoryConfigurationDelegate : Finished Spring Data repository scanning in 36 ms. Found 1 JPA repository interfaces.
2023-02-16 20:22:52.638  INFO 372083 --- [restartedMain] trationDelegate$BeanPostProcessorChecker : Bean 'org.springframework.security.access.expression.method.DefaultMethodSecurityExpressionHandler@60572829' of type [org.springframework.security.access.expression.method.DefaultMethodSecurityExpressionHandler] is not eligible for getting processed by all BeanPostProcessors (for example: not eligible for auto-proxying)
2023-02-16 20:22:52.642  INFO 372083 --- [restartedMain] trationDelegate$BeanPostProcessorChecker : Bean 'methodSecurityMetadataSource' of type [org.springframework.security.access.method.DelegatingMethodSecurityMetadataSource] is not eligible for getting processed by all BeanPostProcessors (for example: not eligible for auto-proxying)
2023-02-16 20:22:52.846  INFO 372083 --- [restartedMain] o.s.b.w.embedded.tomcat.TomcatWebServer  : Tomcat initialized with port(s): 8081 (http)
2023-02-16 20:22:52.854  INFO 372083 --- [restartedMain] o.apache.catalina.core.StandardService   : Starting service [Tomcat]
2023-02-16 20:22:52.854  INFO 372083 --- [restartedMain] org.apache.catalina.core.StandardEngine  : Starting Servlet engine: [Apache Tomcat/9.0.45]
2023-02-16 20:22:52.895  INFO 372083 --- [restartedMain] o.a.c.c.C.[Tomcat].[localhost].[/]       : Initializing Spring embedded WebApplicationContext
2023-02-16 20:22:52.895  INFO 372083 --- [restartedMain] w.s.c.ServletWebServerApplicationContext : Root WebApplicationContext: initialization completed in 943 ms
2023-02-16 20:22:53.041  INFO 372083 --- [restartedMain] o.hibernate.jpa.internal.util.LogHelper  : HHH000204: Processing PersistenceUnitInfo [name: default]
2023-02-16 20:22:53.072  INFO 372083 --- [restartedMain] org.hibernate.Version                    : HHH000412: Hibernate ORM core version 5.4.30.Final
2023-02-16 20:22:53.166  INFO 372083 --- [restartedMain] o.hibernate.annotations.common.Version   : HCANN000001: Hibernate Commons Annotations {5.1.2.Final}
2023-02-16 20:22:53.235  INFO 372083 --- [restartedMain] com.zaxxer.hikari.HikariDataSource       : HikariPool-1 - Starting...
2023-02-16 20:22:53.238  WARN 372083 --- [restartedMain] com.zaxxer.hikari.util.DriverDataSource  : Registered driver with driverClassName=com.mysql.jdbc.Driver was not found, trying direct instantiation.
2023-02-16 20:22:53.355  INFO 372083 --- [restartedMain] com.zaxxer.hikari.HikariDataSource       : HikariPool-1 - Start completed.
2023-02-16 20:22:53.365  INFO 372083 --- [restartedMain] org.hibernate.dialect.Dialect            : HHH000400: Using dialect: org.hibernate.dialect.MySQL8Dialect
2023-02-16 20:22:53.866  INFO 372083 --- [restartedMain] o.h.e.t.j.p.i.JtaPlatformInitiator       : HHH000490: Using JtaPlatform implementation: [org.hibernate.engine.transaction.jta.platform.internal.NoJtaPlatform]
2023-02-16 20:22:53.886  INFO 372083 --- [restartedMain] j.LocalContainerEntityManagerFactoryBean : Initialized JPA EntityManagerFactory for persistence unit 'default'
2023-02-16 20:22:54.123  WARN 372083 --- [restartedMain] JpaBaseConfiguration$JpaWebConfiguration : spring.jpa.open-in-view is enabled by default. Therefore, database queries may be performed during view rendering. Explicitly configure spring.jpa.open-in-view to disable this warning
2023-02-16 20:22:54.209  INFO 372083 --- [restartedMain] o.s.b.d.a.OptionalLiveReloadServer       : LiveReload server is running on port 35729
2023-02-16 20:22:54.312  INFO 372083 --- [restartedMain] o.s.s.web.DefaultSecurityFilterChain     : Will secure any request with [org.springframework.security.web.context.request.async.WebAsyncManagerIntegrationFilter@381bf7ef, org.springframework.security.web.context.SecurityContextPersistenceFilter@3aa0e944, org.springframework.security.web.header.HeaderWriterFilter@5d8db83f, org.springframework.security.web.authentication.logout.LogoutFilter@7a40d702, com.jwt.configuration.JwtRequestFilter@5bad4587, org.springframework.security.web.savedrequest.RequestCacheAwareFilter@465fb9b, org.springframework.security.web.servletapi.SecurityContextHolderAwareRequestFilter@2a96cfb5, org.springframework.security.web.authentication.AnonymousAuthenticationFilter@2d33a81a, org.springframework.security.web.session.SessionManagementFilter@76670bd4, org.springframework.security.web.access.ExceptionTranslationFilter@31b1737c, org.springframework.security.web.access.intercept.FilterSecurityInterceptor@6950ef5d]
2023-02-16 20:22:54.398  INFO 372083 --- [restartedMain] o.s.s.concurrent.ThreadPoolTaskExecutor  : Initializing ExecutorService 'applicationTaskExecutor'
2023-02-16 20:22:54.575  INFO 372083 --- [restartedMain] o.s.b.w.embedded.tomcat.TomcatWebServer  : Tomcat started on port(s): 8081 (http) with context path ''
2023-02-16 20:22:54.583  INFO 372083 --- [restartedMain] com.jwt.JwtApplication                   : Started JwtApplication in 2.953 seconds (JVM running for 3.368)
2023-02-16 20:24:23.096  INFO 372083 --- [http-nio-8081-exec-1] o.a.c.c.C.[Tomcat].[localhost].[/]       : Initializing Spring DispatcherServlet 'dispatcherServlet'
2023-02-16 20:24:23.096  INFO 372083 --- [http-nio-8081-exec-1] o.s.web.servlet.DispatcherServlet        : Initializing Servlet 'dispatcherServlet'
2023-02-16 20:24:23.097  INFO 372083 --- [http-nio-8081-exec-1] o.s.web.servlet.DispatcherServlet        : Completed initialization in 1 ms
2023-02-16 20:24:30.864  INFO 372083 --- [SpringContextShutdownHook] o.s.s.concurrent.ThreadPoolTaskExecutor  : Shutting down ExecutorService 'applicationTaskExecutor'
2023-02-16 20:24:30.866  INFO 372083 --- [SpringContextShutdownHook] j.LocalContainerEntityManagerFactoryBean : Closing JPA EntityManagerFactory for persistence unit 'default'
2023-02-16 20:24:30.868  INFO 372083 --- [SpringContextShutdownHook] com.zaxxer.hikari.HikariDataSource       : HikariPool-1 - Shutdown initiated...
2023-02-16 20:24:30.875  INFO 372083 --- [SpringContextShutdownHook] com.zaxxer.hikari.HikariDataSource       : HikariPool-1 - Shutdown completed.
2023-02-16 20:25:02.820  INFO 373416 --- [restartedMain] com.jwt.JwtApplication                   : Starting JwtApplication using Java 17.0.5 on TTS-022 with PID 373416 (/home/tts_466-prasanna/Prasanna/Boot Projects/JWT/target/classes started by tts_466-prasanna in /home/tts_466-prasanna/Prasanna/Boot Projects/JWT)
2023-02-16 20:25:02.824  INFO 373416 --- [restartedMain] com.jwt.JwtApplication                   : No active profile set, falling back to default profiles: default
2023-02-16 20:25:02.870  INFO 373416 --- [restartedMain] .e.DevToolsPropertyDefaultsPostProcessor : Devtools property defaults active! Set 'spring.devtools.add-properties' to 'false' to disable
2023-02-16 20:25:02.870  INFO 373416 --- [restartedMain] .e.DevToolsPropertyDefaultsPostProcessor : For additional web related logging consider setting the 'logging.level.web' property to 'DEBUG'
2023-02-16 20:25:03.340  INFO 373416 --- [restartedMain] .s.d.r.c.RepositoryConfigurationDelegate : Bootstrapping Spring Data JPA repositories in DEFAULT mode.
2023-02-16 20:25:03.377  INFO 373416 --- [restartedMain] .s.d.r.c.RepositoryConfigurationDelegate : Finished Spring Data repository scanning in 31 ms. Found 1 JPA repository interfaces.
2023-02-16 20:25:03.592  INFO 373416 --- [restartedMain] trationDelegate$BeanPostProcessorChecker : Bean 'org.springframework.security.access.expression.method.DefaultMethodSecurityExpressionHandler@15b85f9a' of type [org.springframework.security.access.expression.method.DefaultMethodSecurityExpressionHandler] is not eligible for getting processed by all BeanPostProcessors (for example: not eligible for auto-proxying)
2023-02-16 20:25:03.596  INFO 373416 --- [restartedMain] trationDelegate$BeanPostProcessorChecker : Bean 'methodSecurityMetadataSource' of type [org.springframework.security.access.method.DelegatingMethodSecurityMetadataSource] is not eligible for getting processed by all BeanPostProcessors (for example: not eligible for auto-proxying)
2023-02-16 20:25:03.798  INFO 373416 --- [restartedMain] o.s.b.w.embedded.tomcat.TomcatWebServer  : Tomcat initialized with port(s): 8081 (http)
2023-02-16 20:25:03.808  INFO 373416 --- [restartedMain] o.apache.catalina.core.StandardService   : Starting service [Tomcat]
2023-02-16 20:25:03.808  INFO 373416 --- [restartedMain] org.apache.catalina.core.StandardEngine  : Starting Servlet engine: [Apache Tomcat/9.0.45]
2023-02-16 20:25:03.851  INFO 373416 --- [restartedMain] o.a.c.c.C.[Tomcat].[localhost].[/]       : Initializing Spring embedded WebApplicationContext
2023-02-16 20:25:03.851  INFO 373416 --- [restartedMain] w.s.c.ServletWebServerApplicationContext : Root WebApplicationContext: initialization completed in 981 ms
2023-02-16 20:25:03.998  INFO 373416 --- [restartedMain] o.hibernate.jpa.internal.util.LogHelper  : HHH000204: Processing PersistenceUnitInfo [name: default]
2023-02-16 20:25:04.029  INFO 373416 --- [restartedMain] org.hibernate.Version                    : HHH000412: Hibernate ORM core version 5.4.30.Final
2023-02-16 20:25:04.119  INFO 373416 --- [restartedMain] o.hibernate.annotations.common.Version   : HCANN000001: Hibernate Commons Annotations {5.1.2.Final}
2023-02-16 20:25:04.186  INFO 373416 --- [restartedMain] com.zaxxer.hikari.HikariDataSource       : HikariPool-1 - Starting...
2023-02-16 20:25:04.189  WARN 373416 --- [restartedMain] com.zaxxer.hikari.util.DriverDataSource  : Registered driver with driverClassName=com.mysql.jdbc.Driver was not found, trying direct instantiation.
2023-02-16 20:25:04.303  INFO 373416 --- [restartedMain] com.zaxxer.hikari.HikariDataSource       : HikariPool-1 - Start completed.
2023-02-16 20:25:04.314  INFO 373416 --- [restartedMain] org.hibernate.dialect.Dialect            : HHH000400: Using dialect: org.hibernate.dialect.MySQL8Dialect
2023-02-16 20:25:04.814  INFO 373416 --- [restartedMain] o.h.e.t.j.p.i.JtaPlatformInitiator       : HHH000490: Using JtaPlatform implementation: [org.hibernate.engine.transaction.jta.platform.internal.NoJtaPlatform]
2023-02-16 20:25:04.827  INFO 373416 --- [restartedMain] j.LocalContainerEntityManagerFactoryBean : Initialized JPA EntityManagerFactory for persistence unit 'default'
2023-02-16 20:25:05.070  WARN 373416 --- [restartedMain] JpaBaseConfiguration$JpaWebConfiguration : spring.jpa.open-in-view is enabled by default. Therefore, database queries may be performed during view rendering. Explicitly configure spring.jpa.open-in-view to disable this warning
2023-02-16 20:25:05.163  INFO 373416 --- [restartedMain] o.s.b.d.a.OptionalLiveReloadServer       : LiveReload server is running on port 35729
2023-02-16 20:25:05.266  INFO 373416 --- [restartedMain] o.s.s.web.DefaultSecurityFilterChain     : Will secure any request with [org.springframework.security.web.context.request.async.WebAsyncManagerIntegrationFilter@6950ef5d, org.springframework.security.web.context.SecurityContextPersistenceFilter@640fdb, org.springframework.security.web.header.HeaderWriterFilter@3b2728b4, org.springframework.security.web.authentication.logout.LogoutFilter@b7a81f7, com.jwt.configuration.JwtRequestFilter@3963e94, org.springframework.security.web.savedrequest.RequestCacheAwareFilter@76670bd4, org.springframework.security.web.servletapi.SecurityContextHolderAwareRequestFilter@4f0ca6f3, org.springframework.security.web.authentication.AnonymousAuthenticationFilter@3e557d13, org.springframework.security.web.session.SessionManagementFilter@5ace04ce, org.springframework.security.web.access.ExceptionTranslationFilter@2735f439, org.springframework.security.web.access.intercept.FilterSecurityInterceptor@2c709e10]
2023-02-16 20:25:05.366  INFO 373416 --- [restartedMain] o.s.s.concurrent.ThreadPoolTaskExecutor  : Initializing ExecutorService 'applicationTaskExecutor'
2023-02-16 20:25:05.560  INFO 373416 --- [restartedMain] o.s.b.w.embedded.tomcat.TomcatWebServer  : Tomcat started on port(s): 8081 (http) with context path ''
2023-02-16 20:25:05.567  INFO 373416 --- [restartedMain] com.jwt.JwtApplication                   : Started JwtApplication in 3.049 seconds (JVM running for 3.485)
2023-02-16 20:25:10.640  INFO 373416 --- [http-nio-8081-exec-1] o.a.c.c.C.[Tomcat].[localhost].[/]       : Initializing Spring DispatcherServlet 'dispatcherServlet'
2023-02-16 20:25:10.640  INFO 373416 --- [http-nio-8081-exec-1] o.s.web.servlet.DispatcherServlet        : Initializing Servlet 'dispatcherServlet'
2023-02-16 20:25:10.641  INFO 373416 --- [http-nio-8081-exec-1] o.s.web.servlet.DispatcherServlet        : Completed initialization in 1 ms
2023-02-16 20:33:09.944  INFO 373416 --- [Thread-4] o.s.s.concurrent.ThreadPoolTaskExecutor  : Shutting down ExecutorService 'applicationTaskExecutor'
2023-02-16 20:33:09.949  INFO 373416 --- [Thread-4] j.LocalContainerEntityManagerFactoryBean : Closing JPA EntityManagerFactory for persistence unit 'default'
2023-02-16 20:33:09.952  INFO 373416 --- [Thread-4] com.zaxxer.hikari.HikariDataSource       : HikariPool-1 - Shutdown initiated...
2023-02-16 20:33:09.960  INFO 373416 --- [Thread-4] com.zaxxer.hikari.HikariDataSource       : HikariPool-1 - Shutdown completed.
